<?xml version="1.0" encoding="UTF-8"?>
<!-- Generated by org.testng.reporters.JUnitXMLReporter -->
<testsuite ignored="0" hostname="LAPTOP-AAEVJ0N4" failures="0" tests="3" name="Test" time="78.293" errors="0" timestamp="2025-01-01T17:21:22 IST">
  <testcase classname="testcases.TC_001_AccountRegistrationTest" name="verify_account_registration" time="2.151"/>
  <testcase classname="testcases.TC_002_LoginTest" name="verify_login" time="55.951"/>
  <testcase classname="testcases.TC_003_Search" name="verify_search" time="10.796"/>
</testsuite> <!-- Test -->
