<?xml version="1.0" encoding="UTF-8"?>
<!-- Generated by org.testng.reporters.JUnitXMLReporter -->
<testsuite ignored="0" hostname="LAPTOP-AAEVJ0N4" failures="0" tests="3" name="Test" time="79.959" errors="0" timestamp="2025-01-02T22:48:06 IST">
  <testcase classname="testcases.TC_001_AccountRegistrationTest" name="verify_account_registration" time="1.712"/>
  <testcase classname="testcases.TC_002_LoginTest" name="verify_login" time="55.805"/>
  <testcase classname="testcases.TC_003_Search" name="verify_search" time="12.385"/>
</testsuite> <!-- Test -->
