<?xml version="1.0" encoding="UTF-8"?>
<testng-results ignored="0" total="2" passed="2" failed="0" skipped="0">
  <reporter-output>
  </reporter-output>
  <suite started-at="2024-12-27T21:46:21 IST" name="Suite" finished-at="2024-12-27T21:47:34 IST" duration-ms="73932">
    <groups>
      <group name="Master">
        <method signature="TC_001_AccountRegistrationTest.verify_account_registration()[pri:0, instance:testcases.TC_001_AccountRegistrationTest@4b23c30a]" name="verify_account_registration" class="testcases.TC_001_AccountRegistrationTest"/>
        <method signature="TC_002_LoginTest.verify_login()[pri:0, instance:testcases.TC_002_LoginTest@3cdf2c61]" name="verify_login" class="testcases.TC_002_LoginTest"/>
      </group> <!-- Master -->
      <group name="Sanity">
        <method signature="TC_002_LoginTest.verify_login()[pri:0, instance:testcases.TC_002_LoginTest@3cdf2c61]" name="verify_login" class="testcases.TC_002_LoginTest"/>
      </group> <!-- Sanity -->
      <group name="regression">
        <method signature="TC_001_AccountRegistrationTest.verify_account_registration()[pri:0, instance:testcases.TC_001_AccountRegistrationTest@4b23c30a]" name="verify_account_registration" class="testcases.TC_001_AccountRegistrationTest"/>
      </group> <!-- regression -->
    </groups>
    <test started-at="2024-12-27T21:46:21 IST" name="Test" finished-at="2024-12-27T21:47:34 IST" duration-ms="73932">
      <class name="testcases.TC_001_AccountRegistrationTest">
        <test-method is-config="true" signature="setup(java.lang.String,java.lang.String)[pri:0, instance:testcases.TC_001_AccountRegistrationTest@4b23c30a]" started-at="2024-12-27T21:46:21 IST" name="setup" finished-at="2024-12-27T21:46:27 IST" duration-ms="6365" status="PASS">
          <params>
            <param index="0">
              <value>
                <![CDATA[windows]]>
              </value>
            </param>
            <param index="1">
              <value>
                <![CDATA[chrome]]>
              </value>
            </param>
          </params>
          <reporter-output>
          </reporter-output>
        </test-method> <!-- setup -->
        <test-method signature="verify_account_registration()[pri:0, instance:testcases.TC_001_AccountRegistrationTest@4b23c30a]" started-at="2024-12-27T21:46:27 IST" name="verify_account_registration" finished-at="2024-12-27T21:46:30 IST" duration-ms="3016" status="PASS">
          <reporter-output>
          </reporter-output>
        </test-method> <!-- verify_account_registration -->
        <test-method is-config="true" signature="teardown()[pri:0, instance:testcases.TC_001_AccountRegistrationTest@4b23c30a]" started-at="2024-12-27T21:46:30 IST" name="teardown" finished-at="2024-12-27T21:46:30 IST" duration-ms="140" status="PASS">
          <reporter-output>
          </reporter-output>
        </test-method> <!-- teardown -->
      </class> <!-- testcases.TC_001_AccountRegistrationTest -->
      <class name="testcases.TC_002_LoginTest">
        <test-method is-config="true" signature="setup(java.lang.String,java.lang.String)[pri:0, instance:testcases.TC_002_LoginTest@3cdf2c61]" started-at="2024-12-27T21:46:30 IST" name="setup" finished-at="2024-12-27T21:46:38 IST" duration-ms="7775" status="PASS">
          <params>
            <param index="0">
              <value>
                <![CDATA[windows]]>
              </value>
            </param>
            <param index="1">
              <value>
                <![CDATA[chrome]]>
              </value>
            </param>
          </params>
          <reporter-output>
          </reporter-output>
        </test-method> <!-- setup -->
        <test-method signature="verify_login()[pri:0, instance:testcases.TC_002_LoginTest@3cdf2c61]" started-at="2024-12-27T21:46:38 IST" name="verify_login" finished-at="2024-12-27T21:47:34 IST" duration-ms="56277" status="PASS">
          <reporter-output>
          </reporter-output>
        </test-method> <!-- verify_login -->
        <test-method is-config="true" signature="teardown()[pri:0, instance:testcases.TC_002_LoginTest@3cdf2c61]" started-at="2024-12-27T21:47:34 IST" name="teardown" finished-at="2024-12-27T21:47:34 IST" duration-ms="129" status="PASS">
          <reporter-output>
          </reporter-output>
        </test-method> <!-- teardown -->
      </class> <!-- testcases.TC_002_LoginTest -->
    </test> <!-- Test -->
  </suite> <!-- Suite -->
</testng-results>
