<?xml version="1.0" encoding="UTF-8"?>
<testng-results ignored="0" total="2" passed="2" failed="0" skipped="0">
  <reporter-output>
  </reporter-output>
  <suite started-at="2024-12-28T17:00:59 IST" name="Suite" finished-at="2024-12-28T17:02:04 IST" duration-ms="64321">
    <groups>
      <group name="Master">
        <method signature="TC_001_AccountRegistrationTest.verify_account_registration()[pri:0, instance:testcases.TC_001_AccountRegistrationTest@18a136ac]" name="verify_account_registration" class="testcases.TC_001_AccountRegistrationTest"/>
        <method signature="TC_002_LoginTest.verify_login()[pri:0, instance:testcases.TC_002_LoginTest@5d12a356]" name="verify_login" class="testcases.TC_002_LoginTest"/>
      </group> <!-- Master -->
      <group name="Sanity">
        <method signature="TC_002_LoginTest.verify_login()[pri:0, instance:testcases.TC_002_LoginTest@5d12a356]" name="verify_login" class="testcases.TC_002_LoginTest"/>
      </group> <!-- Sanity -->
      <group name="regression">
        <method signature="TC_001_AccountRegistrationTest.verify_account_registration()[pri:0, instance:testcases.TC_001_AccountRegistrationTest@18a136ac]" name="verify_account_registration" class="testcases.TC_001_AccountRegistrationTest"/>
      </group> <!-- regression -->
    </groups>
    <test started-at="2024-12-28T17:00:59 IST" name="Test" finished-at="2024-12-28T17:02:04 IST" duration-ms="64321">
      <class name="testcases.TC_001_AccountRegistrationTest">
        <test-method is-config="true" signature="setup(java.lang.String,java.lang.String)[pri:0, instance:testcases.TC_001_AccountRegistrationTest@18a136ac]" started-at="2024-12-28T17:01:00 IST" name="setup" finished-at="2024-12-28T17:01:03 IST" duration-ms="3344" status="PASS">
          <params>
            <param index="0">
              <value>
                <![CDATA[windows]]>
              </value>
            </param>
            <param index="1">
              <value>
                <![CDATA[chrome]]>
              </value>
            </param>
          </params>
          <reporter-output>
          </reporter-output>
        </test-method> <!-- setup -->
        <test-method signature="verify_account_registration()[pri:0, instance:testcases.TC_001_AccountRegistrationTest@18a136ac]" started-at="2024-12-28T17:01:03 IST" name="verify_account_registration" finished-at="2024-12-28T17:01:05 IST" duration-ms="1675" status="PASS">
          <reporter-output>
          </reporter-output>
        </test-method> <!-- verify_account_registration -->
        <test-method is-config="true" signature="teardown()[pri:0, instance:testcases.TC_001_AccountRegistrationTest@18a136ac]" started-at="2024-12-28T17:01:05 IST" name="teardown" finished-at="2024-12-28T17:01:05 IST" duration-ms="63" status="PASS">
          <reporter-output>
          </reporter-output>
        </test-method> <!-- teardown -->
      </class> <!-- testcases.TC_001_AccountRegistrationTest -->
      <class name="testcases.TC_002_LoginTest">
        <test-method is-config="true" signature="setup(java.lang.String,java.lang.String)[pri:0, instance:testcases.TC_002_LoginTest@5d12a356]" started-at="2024-12-28T17:01:05 IST" name="setup" finished-at="2024-12-28T17:01:08 IST" duration-ms="3110" status="PASS">
          <params>
            <param index="0">
              <value>
                <![CDATA[windows]]>
              </value>
            </param>
            <param index="1">
              <value>
                <![CDATA[chrome]]>
              </value>
            </param>
          </params>
          <reporter-output>
          </reporter-output>
        </test-method> <!-- setup -->
        <test-method signature="verify_login()[pri:0, instance:testcases.TC_002_LoginTest@5d12a356]" started-at="2024-12-28T17:01:08 IST" name="verify_login" finished-at="2024-12-28T17:02:04 IST" duration-ms="55777" status="PASS">
          <reporter-output>
          </reporter-output>
        </test-method> <!-- verify_login -->
        <test-method is-config="true" signature="teardown()[pri:0, instance:testcases.TC_002_LoginTest@5d12a356]" started-at="2024-12-28T17:02:04 IST" name="teardown" finished-at="2024-12-28T17:02:04 IST" duration-ms="157" status="PASS">
          <reporter-output>
          </reporter-output>
        </test-method> <!-- teardown -->
      </class> <!-- testcases.TC_002_LoginTest -->
    </test> <!-- Test -->
  </suite> <!-- Suite -->
</testng-results>
