<?xml version="1.0" encoding="UTF-8"?>
<testng-results ignored="0" total="3" passed="3" failed="0" skipped="0">
  <reporter-output>
  </reporter-output>
  <suite started-at="2025-01-02T22:46:45 IST" name="Suite" finished-at="2025-01-02T22:48:05 IST" duration-ms="79959">
    <groups>
      <group name="Master">
        <method signature="TC_001_AccountRegistrationTest.verify_account_registration()[pri:0, instance:testcases.TC_001_AccountRegistrationTest@517d4a0d]" name="verify_account_registration" class="testcases.TC_001_AccountRegistrationTest"/>
        <method signature="TC_002_LoginTest.verify_login()[pri:0, instance:testcases.TC_002_LoginTest@38831718]" name="verify_login" class="testcases.TC_002_LoginTest"/>
      </group> <!-- Master -->
      <group name="Sanity">
        <method signature="TC_002_LoginTest.verify_login()[pri:0, instance:testcases.TC_002_LoginTest@38831718]" name="verify_login" class="testcases.TC_002_LoginTest"/>
      </group> <!-- Sanity -->
      <group name="regression">
        <method signature="TC_001_AccountRegistrationTest.verify_account_registration()[pri:0, instance:testcases.TC_001_AccountRegistrationTest@517d4a0d]" name="verify_account_registration" class="testcases.TC_001_AccountRegistrationTest"/>
      </group> <!-- regression -->
    </groups>
    <test started-at="2025-01-02T22:46:45 IST" name="Test" finished-at="2025-01-02T22:48:05 IST" duration-ms="79959">
      <class name="testcases.TC_001_AccountRegistrationTest">
        <test-method is-config="true" signature="setup(java.lang.String,java.lang.String)[pri:0, instance:testcases.TC_001_AccountRegistrationTest@517d4a0d]" started-at="2025-01-02T22:46:45 IST" name="setup" finished-at="2025-01-02T22:46:49 IST" duration-ms="3671" status="PASS">
          <params>
            <param index="0">
              <value>
                <![CDATA[windows]]>
              </value>
            </param>
            <param index="1">
              <value>
                <![CDATA[chrome]]>
              </value>
            </param>
          </params>
          <reporter-output>
          </reporter-output>
        </test-method> <!-- setup -->
        <test-method signature="verify_account_registration()[pri:0, instance:testcases.TC_001_AccountRegistrationTest@517d4a0d]" started-at="2025-01-02T22:46:49 IST" name="verify_account_registration" finished-at="2025-01-02T22:46:50 IST" duration-ms="1712" status="PASS">
          <reporter-output>
          </reporter-output>
        </test-method> <!-- verify_account_registration -->
        <test-method is-config="true" signature="teardown()[pri:0, instance:testcases.TC_001_AccountRegistrationTest@517d4a0d]" started-at="2025-01-02T22:46:50 IST" name="teardown" finished-at="2025-01-02T22:46:51 IST" duration-ms="98" status="PASS">
          <reporter-output>
          </reporter-output>
        </test-method> <!-- teardown -->
      </class> <!-- testcases.TC_001_AccountRegistrationTest -->
      <class name="testcases.TC_002_LoginTest">
        <test-method is-config="true" signature="setup(java.lang.String,java.lang.String)[pri:0, instance:testcases.TC_002_LoginTest@38831718]" started-at="2025-01-02T22:46:51 IST" name="setup" finished-at="2025-01-02T22:46:53 IST" duration-ms="2561" status="PASS">
          <params>
            <param index="0">
              <value>
                <![CDATA[windows]]>
              </value>
            </param>
            <param index="1">
              <value>
                <![CDATA[chrome]]>
              </value>
            </param>
          </params>
          <reporter-output>
          </reporter-output>
        </test-method> <!-- setup -->
        <test-method signature="verify_login()[pri:0, instance:testcases.TC_002_LoginTest@38831718]" started-at="2025-01-02T22:46:53 IST" name="verify_login" finished-at="2025-01-02T22:47:49 IST" duration-ms="55805" status="PASS">
          <reporter-output>
          </reporter-output>
        </test-method> <!-- verify_login -->
        <test-method is-config="true" signature="teardown()[pri:0, instance:testcases.TC_002_LoginTest@38831718]" started-at="2025-01-02T22:47:49 IST" name="teardown" finished-at="2025-01-02T22:47:49 IST" duration-ms="93" status="PASS">
          <reporter-output>
          </reporter-output>
        </test-method> <!-- teardown -->
      </class> <!-- testcases.TC_002_LoginTest -->
      <class name="testcases.TC_003_Search">
        <test-method is-config="true" signature="setup(java.lang.String,java.lang.String)[pri:0, instance:testcases.TC_003_Search@2c1156a7]" started-at="2025-01-02T22:47:49 IST" name="setup" finished-at="2025-01-02T22:47:52 IST" duration-ms="3280" status="PASS">
          <params>
            <param index="0">
              <value>
                <![CDATA[windows]]>
              </value>
            </param>
            <param index="1">
              <value>
                <![CDATA[chrome]]>
              </value>
            </param>
          </params>
          <reporter-output>
          </reporter-output>
        </test-method> <!-- setup -->
        <test-method signature="verify_search()[pri:0, instance:testcases.TC_003_Search@2c1156a7]" started-at="2025-01-02T22:47:52 IST" name="verify_search" finished-at="2025-01-02T22:48:05 IST" duration-ms="12385" status="PASS">
          <reporter-output>
          </reporter-output>
        </test-method> <!-- verify_search -->
        <test-method is-config="true" signature="teardown()[pri:0, instance:testcases.TC_003_Search@2c1156a7]" started-at="2025-01-02T22:48:05 IST" name="teardown" finished-at="2025-01-02T22:48:05 IST" duration-ms="107" status="PASS">
          <reporter-output>
          </reporter-output>
        </test-method> <!-- teardown -->
      </class> <!-- testcases.TC_003_Search -->
    </test> <!-- Test -->
  </suite> <!-- Suite -->
</testng-results>
